[03:17:07] [main/INFO]: LiteLoader 1.7.10_04 starting up...
[03:17:07] [main/INFO]: Java reports OS="windows 10"
[03:17:07] [main/INFO]: Enumerating class path...
[03:17:07] [main/INFO]: Class path separator=";"
[03:17:07] [main/INFO]: Class path entries=(
   classpathEntry=C:/MultiMC/jars/NewLaunch.jar
   classpathEntry=C:/MultiMC/libraries/net/java/jinput/jinput/2.0.5/jinput-2.0.5.jar
   classpathEntry=C:/MultiMC/libraries/net/java/jutils/jutils/1.0.0/jutils-1.0.0.jar
   classpathEntry=C:/MultiMC/libraries/org/lwjgl/lwjgl/lwjgl/2.9.1/lwjgl-2.9.1.jar
   classpathEntry=C:/MultiMC/libraries/org/lwjgl/lwjgl/lwjgl_util/2.9.1/lwjgl_util-2.9.1.jar
   classpathEntry=C:/MultiMC/libraries/com/mojang/netty/1.6/netty-1.6.jar
   classpathEntry=C:/MultiMC/libraries/com/mojang/realms/1.3.5/realms-1.3.5.jar
   classpathEntry=C:/MultiMC/libraries/org/apache/commons/commons-compress/1.8.1/commons-compress-1.8.1.jar
   classpathEntry=C:/MultiMC/libraries/org/apache/httpcomponents/httpclient/4.3.3/httpclient-4.3.3.jar
   classpathEntry=C:/MultiMC/libraries/commons-logging/commons-logging/1.1.3/commons-logging-1.1.3.jar
   classpathEntry=C:/MultiMC/libraries/org/apache/httpcomponents/httpcore/4.3.2/httpcore-4.3.2.jar
   classpathEntry=C:/MultiMC/libraries/java3d/vecmath/1.3.1/vecmath-1.3.1.jar
   classpathEntry=C:/MultiMC/libraries/net/sf/trove4j/trove4j/3.0.3/trove4j-3.0.3.jar
   classpathEntry=C:/MultiMC/libraries/com/ibm/icu/icu4j-core-mojang/51.2/icu4j-core-mojang-51.2.jar
   classpathEntry=C:/MultiMC/libraries/net/sf/jopt-simple/jopt-simple/4.5/jopt-simple-4.5.jar
   classpathEntry=C:/MultiMC/libraries/com/paulscode/codecjorbis/20101023/codecjorbis-20101023.jar
   classpathEntry=C:/MultiMC/libraries/com/paulscode/codecwav/20101023/codecwav-20101023.jar
   classpathEntry=C:/MultiMC/libraries/com/paulscode/libraryjavasound/20101123/libraryjavasound-20101123.jar
   classpathEntry=C:/MultiMC/libraries/com/paulscode/librarylwjglopenal/20100824/librarylwjglopenal-20100824.jar
   classpathEntry=C:/MultiMC/libraries/com/paulscode/soundsystem/20120107/soundsystem-20120107.jar
   classpathEntry=C:/MultiMC/libraries/io/netty/netty-all/4.0.10.Final/netty-all-4.0.10.Final.jar
   classpathEntry=C:/MultiMC/libraries/com/google/guava/guava/17.0/guava-17.0.jar
   classpathEntry=C:/MultiMC/libraries/org/apache/commons/commons-lang3/3.3.2/commons-lang3-3.3.2.jar
   classpathEntry=C:/MultiMC/libraries/commons-io/commons-io/2.4/commons-io-2.4.jar
   classpathEntry=C:/MultiMC/libraries/commons-codec/commons-codec/1.9/commons-codec-1.9.jar
   classpathEntry=C:/MultiMC/libraries/com/google/code/gson/gson/2.2.4/gson-2.2.4.jar
   classpathEntry=C:/MultiMC/libraries/com/mojang/authlib/1.5.21/authlib-1.5.21.jar
   classpathEntry=C:/MultiMC/libraries/org/apache/logging/log4j/log4j-api/2.0-beta9/log4j-api-2.0-beta9.jar
   classpathEntry=C:/MultiMC/libraries/org/apache/logging/log4j/log4j-core/2.0-beta9/log4j-core-2.0-beta9.jar
   classpathEntry=C:/MultiMC/libraries/tv/twitch/twitch/5.16/twitch-5.16.jar
   classpathEntry=C:/MultiMC/libraries/net/minecraftforge/forge/1.7.10-10.13.4.1614-1.7.10/forge-1.7.10-10.13.4.1614-1.7.10-universal.jar
   classpathEntry=C:/MultiMC/libraries/net/minecraft/launchwrapper/1.12/launchwrapper-1.12.jar
   classpathEntry=C:/MultiMC/libraries/org/ow2/asm/asm-all/5.0.3/asm-all-5.0.3.jar
   classpathEntry=C:/MultiMC/libraries/com/typesafe/akka/akka-actor_2.11/2.3.3/akka-actor_2.11-2.3.3.jar
   classpathEntry=C:/MultiMC/libraries/com/typesafe/config/1.2.1/config-1.2.1.jar
   classpathEntry=C:/MultiMC/libraries/org/scala-lang/scala-actors-migration_2.11/1.1.0/scala-actors-migration_2.11-1.1.0.jar
   classpathEntry=C:/MultiMC/libraries/org/scala-lang/scala-compiler/2.11.1/scala-compiler-2.11.1.jar
   classpathEntry=C:/MultiMC/libraries/org/scala-lang/plugins/scala-continuations-library_2.11/1.0.2/scala-continuations-library_2.11-1.0.2.jar
   classpathEntry=C:/MultiMC/libraries/org/scala-lang/plugins/scala-continuations-plugin_2.11.1/1.0.2/scala-continuations-plugin_2.11.1-1.0.2.jar
   classpathEntry=C:/MultiMC/libraries/org/scala-lang/scala-library/2.11.1/scala-library-2.11.1.jar
   classpathEntry=C:/MultiMC/libraries/org/scala-lang/scala-parser-combinators_2.11/1.0.1/scala-parser-combinators_2.11-1.0.1.jar
   classpathEntry=C:/MultiMC/libraries/org/scala-lang/scala-reflect/2.11.1/scala-reflect-2.11.1.jar
   classpathEntry=C:/MultiMC/libraries/org/scala-lang/scala-swing_2.11/1.0.1/scala-swing_2.11-1.0.1.jar
   classpathEntry=C:/MultiMC/libraries/org/scala-lang/scala-xml_2.11/1.0.2/scala-xml_2.11-1.0.2.jar
   classpathEntry=C:/MultiMC/libraries/lzma/lzma/0.0.1/lzma-0.0.1.jar
   classpathEntry=C:/MultiMC/libraries/com/mumfrey/liteloader/1.7.10_04/liteloader-1.7.10_04.jar
   classpathEntry=C:/MultiMC/libraries/com/mojang/minecraft/1.7.10/minecraft-1.7.10-client.jar
)
[03:17:07] [main/INFO]: Registering discovery module EnumeratorModuleClassPath: [<Java Class Path>]
[03:17:07] [main/INFO]: Registering discovery module EnumeratorModuleFolder: [C:\MultiMC\instances\WA-Mod-Pack\.minecraft\mods]
[03:17:07] [main/INFO]: Registering discovery module EnumeratorModuleFolder: [C:\MultiMC\instances\WA-Mod-Pack\.minecraft\mods\1.7.10]
[03:17:07] [main/INFO]: Adding supported mod class prefix 'LiteMod'
[03:17:07] [main/INFO]: Discovering tweaks on class path...
[03:17:07] [main/INFO]: Discovering valid mod files in folder C:\MultiMC\instances\WA-Mod-Pack\.minecraft\mods
[03:17:07] [main/INFO]: Considering valid mod file: C:\MultiMC\instances\WA-Mod-Pack\.minecraft\mods\mod_voxelMap_1.7.0b_for_1.7.10.litemod
[03:17:07] [main/INFO]: Considering valid mod file: C:\MultiMC\instances\WA-Mod-Pack\.minecraft\mods\MouseTweaks-2.4.4-mc1.7.10.jar
[03:17:07] [main/INFO]: Adding newest valid mod file 'C:\MultiMC\instances\WA-Mod-Pack\.minecraft\mods\mod_voxelMap_1.7.0b_for_1.7.10.litemod' at revision 1700.0000
[03:17:07] [main/INFO]: Adding newest valid mod file 'C:\MultiMC\instances\WA-Mod-Pack\.minecraft\mods\MouseTweaks-2.4.4-mc1.7.10.jar' at revision 184.0000
[03:17:07] [main/INFO]: Discovering valid mod files in folder C:\MultiMC\instances\WA-Mod-Pack\.minecraft\mods\1.7.10
[03:17:07] [main/INFO]: Searching for tweaks in 'Baubles-1.7.10-1.0.1.10.jar'
[03:17:07] [main/WARN]: Error parsing manifest entries in 'C:\MultiMC\instances\WA-Mod-Pack\.minecraft\mods\1.7.10\Baubles-1.7.10-1.0.1.10.jar'
[03:17:07] [main/INFO]: Searching for tweaks in 'CodeChickenLib-1.7.10-1.1.3.138-universal.jar'
[03:17:07] [main/WARN]: Error parsing manifest entries in 'C:\MultiMC\instances\WA-Mod-Pack\.minecraft\mods\1.7.10\CodeChickenLib-1.7.10-1.1.3.138-universal.jar'
[03:17:07] [main/INFO]: Searching for tweaks in 'CodingLib-0.2.8b50.jar'
[03:17:07] [main/WARN]: Error parsing manifest entries in 'C:\MultiMC\instances\WA-Mod-Pack\.minecraft\mods\1.7.10\CodingLib-0.2.8b50.jar'
[03:17:07] [main/INFO]: Searching for tweaks in 'commons-codec-1.9.jar'
[03:17:07] [main/WARN]: Error parsing manifest entries in 'C:\MultiMC\instances\WA-Mod-Pack\.minecraft\mods\1.7.10\commons-codec-1.9.jar'
[03:17:07] [main/INFO]: Searching for tweaks in 'commons-compress-1.8.1.jar'
[03:17:07] [main/WARN]: Error parsing manifest entries in 'C:\MultiMC\instances\WA-Mod-Pack\.minecraft\mods\1.7.10\commons-compress-1.8.1.jar'
[03:17:07] [main/INFO]: Searching for tweaks in 'ForgeMultipart-1.7.10-1.2.0.345-universal.jar'
[03:17:07] [main/WARN]: Error parsing manifest entries in 'C:\MultiMC\instances\WA-Mod-Pack\.minecraft\mods\1.7.10\ForgeMultipart-1.7.10-1.2.0.345-universal.jar'
[03:17:07] [main/INFO]: Searching for tweaks in 'ForgeRelocation-1.7.10-0.0.1.4-universal.jar'
[03:17:07] [main/WARN]: Error parsing manifest entries in 'C:\MultiMC\instances\WA-Mod-Pack\.minecraft\mods\1.7.10\ForgeRelocation-1.7.10-0.0.1.4-universal.jar'
[03:17:07] [main/INFO]: Searching for tweaks in 'ForgeRelocationFMP-1.7.10-0.0.1.2-universal.jar'
[03:17:07] [main/WARN]: Error parsing manifest entries in 'C:\MultiMC\instances\WA-Mod-Pack\.minecraft\mods\1.7.10\ForgeRelocationFMP-1.7.10-0.0.1.2-universal.jar'
[03:17:07] [main/INFO]: Searching for tweaks in 'MrTJPCore-1.7.10-1.1.0.33-universal.jar'
[03:17:07] [main/WARN]: Error parsing manifest entries in 'C:\MultiMC\instances\WA-Mod-Pack\.minecraft\mods\1.7.10\MrTJPCore-1.7.10-1.1.0.33-universal.jar'
[03:17:07] [main/INFO]: Searching for tweaks in '[1.7.10]bspkrsCore-universal-6.15.jar'
[03:17:07] [main/WARN]: Error parsing manifest entries in 'C:\MultiMC\instances\WA-Mod-Pack\.minecraft\mods\1.7.10\[1.7.10]bspkrsCore-universal-6.15.jar'
[03:17:07] [main/INFO]: Mod file 'mod_voxelMap_1.7.0b_for_1.7.10.litemod' provides classTransformer 'com.thevoxelbox.voxelmap.litemod.VoxelMapTransformer', adding to class loader
[03:17:07] [main/INFO]: classTransformer 'com.thevoxelbox.voxelmap.litemod.VoxelMapTransformer' was successfully added
[03:17:07] [main/INFO]: LiteLoader PREINIT complete
[03:17:11] [main/INFO]: Injecting onstartupcomplete[x1] in func_71384_a in Minecraft
[03:17:11] [main/INFO]: Injecting prerenderfbo[x1] in func_71411_J in Minecraft
[03:17:11] [main/INFO]: Injecting postrenderfbo[x1] in func_71411_J in Minecraft
[03:17:11] [main/INFO]: Injecting ontimerupdate[x1] in func_71411_J in Minecraft
[03:17:11] [main/INFO]: Injecting onrender[x1] in func_71411_J in Minecraft
[03:17:11] [main/INFO]: Injecting ontick[x1] in func_71411_J in Minecraft
[03:17:11] [main/INFO]: Injecting shutdown[x1] in func_71400_g in Minecraft
[03:17:11] [main/INFO]: Injecting updateframebuffersize[x1] in func_147119_ah in Minecraft
[03:17:11] [main/INFO]: Injecting newtick[x1] in func_71407_l in Minecraft
[03:17:11] [main/INFO]: Applying overlay com.mumfrey.liteloader.client.overlays.MinecraftOverlay to net.minecraft.client.Minecraft
[03:17:11] [main/INFO]: MinecraftOverlayTransformer found INIT injection point, this is good.
[03:17:11] [main/INFO]: Injecting onc00handshake[x1] in func_148833_a in C00Handshake
[03:17:11] [main/INFO]: Injecting onc00packetloginstart[x1] in func_148833_a in C00PacketLoginStart
[03:17:11] [main/INFO]: Injecting onc16packetclientstatus[x1] in func_148833_a in C16PacketClientStatus
[03:17:11] [main/INFO]: Injecting onoutboundchat[x1] in func_71165_d in EntityClientPlayerMP
[03:17:11] [main/INFO]: Injecting onrenderchat[x1] in func_73830_a in GuiIngame
[03:17:11] [main/INFO]: Injecting postrenderchat[x1] in func_73830_a in GuiIngame
[03:17:11] [main/INFO]: Injecting ons03packettimeupdate[x1] in func_148833_a in S03PacketTimeUpdate
[03:17:13] [main/INFO]: Injecting ons34packetmaps[x1] in func_148833_a in S34PacketMaps
[03:17:14] [Client thread/INFO]: Injecting onc15packetclientsettings[x1] in func_148833_a in C15PacketClientSettings
[03:17:14] [Client thread/INFO]: Injecting ons23packetblockchange[x1] in func_148833_a in S23PacketBlockChange
[03:17:14] [Client thread/INFO]: Injecting oncreateintegratedserver[x1] in <init> in IntegratedServer
[03:17:15] [Client thread/INFO]: Injecting prerendergui[x1] in func_78480_b in EntityRenderer
[03:17:15] [Client thread/INFO]: Injecting onrenderhud[x1] in func_78480_b in EntityRenderer
[03:17:15] [Client thread/INFO]: Injecting postrenderhud[x1] in func_78480_b in EntityRenderer
[03:17:15] [Client thread/INFO]: Injecting onrenderworld[x1] in func_78471_a in EntityRenderer
[03:17:15] [Client thread/INFO]: Injecting onsetupcameratransform[x1] in func_78471_a in EntityRenderer
[03:17:15] [Client thread/INFO]: Injecting postrenderentities[x1] in func_78471_a in EntityRenderer
[03:17:15] [Client thread/INFO]: Injecting postrender[x1] in func_78471_a in EntityRenderer
[03:17:15] [Client thread/INFO]: Injecting postrender[x1] in func_78471_a in EntityRenderer
[03:17:15] [Client thread/INFO]: Injecting ons35packetupdatetileentity[x1] in func_148833_a in S35PacketUpdateTileEntity
[03:17:16] [Client thread/INFO]: Injecting renderfbo[x1] in func_147615_c in Framebuffer
[03:17:40] [Client thread/INFO]: Injecting ons21packetchunkdata[x1] in func_148833_a in S21PacketChunkData
[03:17:40] [Client thread/INFO]: Injecting onc08packetplayerblockplacement[x1] in func_148833_a in C08PacketPlayerBlockPlacement
[03:17:44] [Client thread/INFO]: Injecting onplayerlogin[x1] in func_72377_c in ServerConfigurationManager
[03:17:44] [Client thread/INFO]: Injecting onplayerlogout[x1] in func_72367_e in ServerConfigurationManager
[03:17:44] [Client thread/INFO]: Injecting onspawnplayer[x1] in func_148545_a in ServerConfigurationManager
[03:17:44] [Client thread/INFO]: Injecting onrespawnplayer[x1] in func_72368_a in ServerConfigurationManager
[03:17:44] [Client thread/INFO]: Injecting ons24packetblockaction[x1] in func_148833_a in S24PacketBlockAction
[03:17:44] [Client thread/INFO]: Injecting ons2apacketparticles[x1] in func_148833_a in S2APacketParticles
[03:17:44] [Client thread/INFO]: Injecting ons2cpacketspawnglobalentity[x1] in func_148833_a in S2CPacketSpawnGlobalEntity
[03:17:44] [Client thread/INFO]: Injecting ons27packetexplosion[x1] in func_148833_a in S27PacketExplosion
[03:17:44] [Client thread/INFO]: Injecting ons2bpacketchangegamestate[x1] in func_148833_a in S2BPacketChangeGameState
[03:17:44] [Client thread/INFO]: Injecting ons19packetentitystatus[x1] in func_148833_a in S19PacketEntityStatus
[03:17:58] [Client thread/INFO]: Injecting onc07packetplayerdigging[x1] in func_148833_a in C07PacketPlayerDigging
[03:18:04] [Client thread/INFO]: Injecting ons04packetentityequipment[x1] in func_148833_a in S04PacketEntityEquipment
[03:18:04] [Client thread/INFO]: Injecting ons0bpacketanimation[x1] in func_148833_a in S0BPacketAnimation
[03:18:04] [Client thread/INFO]: Injecting ons0dpacketcollectitem[x1] in func_148833_a in S0DPacketCollectItem
[03:18:04] [Client thread/INFO]: Injecting ons1bpacketentityattach[x1] in func_148833_a in S1BPacketEntityAttach
[03:18:10] [Client thread/INFO]: Injecting ons12packetentityvelocity[x1] in func_148833_a in S12PacketEntityVelocity
[03:18:15] [Client thread/INFO]: Injecting onc0dpacketclosewindow[x1] in func_148833_a in C0DPacketCloseWindow
[03:18:15] [Client thread/INFO]: Injecting ons07packetrespawn[x1] in func_148833_a in S07PacketRespawn
[03:18:22] [Client thread/INFO]: Injecting ons1dpacketentityeffect[x1] in func_148833_a in S1DPacketEntityEffect
[03:18:22] [Client thread/INFO]: Injecting ons1fpacketsetexperience[x1] in func_148833_a in S1FPacketSetExperience
[03:18:26] [Client thread/INFO]: Injecting ons0apacketusebed[x1] in func_148833_a in S0APacketUseBed
[03:18:34] [Client thread/INFO]: Injecting onc02packetuseentity[x1] in func_148833_a in C02PacketUseEntity
[03:18:34] [Client thread/INFO]: Injecting onc10packetcreativeinventoryaction[x1] in func_148833_a in C10PacketCreativeInventoryAction
[03:18:34] [Client thread/INFO]: Injecting onc09packethelditemchange[x1] in func_148833_a in C09PacketHeldItemChange
[03:18:34] [Client thread/INFO]: Injecting onc0epacketclickwindow[x1] in func_148833_a in C0EPacketClickWindow
[03:18:34] [Client thread/INFO]: Injecting onc11packetenchantitem[x1] in func_148833_a in C11PacketEnchantItem
[03:18:36] [Client thread/INFO]: JInput Component Registry is initialising...
[03:18:37] [Client thread/INFO]: Inspecting Mouse controller HID-compliant mouse on Unknown...
[03:18:37] [Client thread/INFO]: Inspecting Keyboard controller HID Keyboard Device on Unknown...
[03:18:37] [Client thread/INFO]: Inspecting Keyboard controller HID Keyboard Device on Unknown...
[03:18:37] [Client thread/INFO]: Inspecting Mouse controller HID-compliant mouse on Unknown...
[03:18:37] [Client thread/INFO]: Inspecting Unknown controller Logitech Wireless Headset on Unknown...
[03:18:37] [Client thread/INFO]: Inspecting Unknown controller Logitech Wireless Headset on Unknown...
[03:18:37] [Client thread/INFO]: Inspecting Unknown controller USB Receiver on Unknown...
[03:18:37] [Client thread/INFO]: Inspecting Unknown controller USB Receiver on Unknown...
[03:18:37] [Client thread/INFO]: Inspecting Unknown controller 2.4G Wireless Keyboard on Unknown...
[03:18:37] [Client thread/INFO]: Inspecting Unknown controller USB Receiver on Unknown...
[03:18:37] [Client thread/INFO]: Inspecting Unknown controller 2.4G Wireless Keyboard on Unknown...
[03:18:37] [Client thread/INFO]: Inspecting Unknown controller USB Receiver on Unknown...
[03:18:37] [Client thread/INFO]: Inspecting Unknown controller 2.4G Wireless Keyboard on Unknown...
[03:18:37] [Client thread/INFO]: Inspecting Unknown controller 2.4G Wireless Keyboard on Unknown...
[03:18:37] [Client thread/INFO]: JInput Component Registry initialised, found 14 controller(s) 334 component(s)
[03:18:37] [Client thread/INFO]: Injecting onc17packetcustompayload[x1] in func_148833_a in C17PacketCustomPayload
[03:18:37] [Client thread/INFO]: Injecting ons3fpacketcustompayload[x1] in func_148833_a in S3FPacketCustomPayload
[03:18:37] [Client thread/INFO]: LiteLoader begin INIT...
[03:18:37] [Client thread/INFO]: Baking listener list for CoreProvider with 2 listeners
[03:18:37] [Client thread/INFO]: Injecting external mods into class path...
[03:18:37] [Client thread/INFO]: Successfully injected mod file 'C:\MultiMC\instances\WA-Mod-Pack\.minecraft\mods\MouseTweaks-2.4.4-mc1.7.10.jar' into classpath
[03:18:37] [Client thread/INFO]: Injecting external mods into class path...
[03:18:37] [Client thread/INFO]: Discovering mods on class path...
[03:18:37] [Client thread/INFO]: Searching C:\MultiMC\jars\NewLaunch.jar...
[03:18:37] [Client thread/INFO]: Searching C:\MultiMC\libraries\net\java\jinput\jinput\2.0.5\jinput-2.0.5.jar...
[03:18:37] [Client thread/INFO]: Searching C:\MultiMC\libraries\net\java\jutils\jutils\1.0.0\jutils-1.0.0.jar...
[03:18:37] [Client thread/INFO]: Searching C:\MultiMC\libraries\org\lwjgl\lwjgl\lwjgl\2.9.1\lwjgl-2.9.1.jar...
[03:18:37] [Client thread/INFO]: Searching C:\MultiMC\libraries\org\lwjgl\lwjgl\lwjgl_util\2.9.1\lwjgl_util-2.9.1.jar...
[03:18:37] [Client thread/INFO]: Searching C:\MultiMC\libraries\com\mojang\netty\1.6\netty-1.6.jar...
[03:18:37] [Client thread/INFO]: Searching C:\MultiMC\libraries\com\mojang\realms\1.3.5\realms-1.3.5.jar...
[03:18:37] [Client thread/INFO]: Searching C:\MultiMC\libraries\org\apache\commons\commons-compress\1.8.1\commons-compress-1.8.1.jar...
[03:18:37] [Client thread/INFO]: Searching C:\MultiMC\libraries\org\apache\httpcomponents\httpclient\4.3.3\httpclient-4.3.3.jar...
[03:18:37] [Client thread/INFO]: Searching C:\MultiMC\libraries\commons-logging\commons-logging\1.1.3\commons-logging-1.1.3.jar...
[03:18:37] [Client thread/INFO]: Searching C:\MultiMC\libraries\org\apache\httpcomponents\httpcore\4.3.2\httpcore-4.3.2.jar...
[03:18:37] [Client thread/INFO]: Searching C:\MultiMC\libraries\java3d\vecmath\1.3.1\vecmath-1.3.1.jar...
[03:18:37] [Client thread/INFO]: Searching C:\MultiMC\libraries\net\sf\trove4j\trove4j\3.0.3\trove4j-3.0.3.jar...
[03:18:37] [Client thread/INFO]: Searching C:\MultiMC\libraries\com\ibm\icu\icu4j-core-mojang\51.2\icu4j-core-mojang-51.2.jar...
[03:18:37] [Client thread/INFO]: Searching C:\MultiMC\libraries\net\sf\jopt-simple\jopt-simple\4.5\jopt-simple-4.5.jar...
[03:18:37] [Client thread/INFO]: Searching C:\MultiMC\libraries\com\paulscode\codecjorbis\20101023\codecjorbis-20101023.jar...
[03:18:37] [Client thread/INFO]: Searching C:\MultiMC\libraries\com\paulscode\codecwav\20101023\codecwav-20101023.jar...
[03:18:37] [Client thread/INFO]: Searching C:\MultiMC\libraries\com\paulscode\libraryjavasound\20101123\libraryjavasound-20101123.jar...
[03:18:37] [Client thread/INFO]: Searching C:\MultiMC\libraries\com\paulscode\librarylwjglopenal\20100824\librarylwjglopenal-20100824.jar...
[03:18:37] [Client thread/INFO]: Searching C:\MultiMC\libraries\com\paulscode\soundsystem\20120107\soundsystem-20120107.jar...
[03:18:37] [Client thread/INFO]: Searching C:\MultiMC\libraries\io\netty\netty-all\4.0.10.Final\netty-all-4.0.10.Final.jar...
[03:18:37] [Client thread/INFO]: Searching C:\MultiMC\libraries\com\google\guava\guava\17.0\guava-17.0.jar...
[03:18:37] [Client thread/INFO]: Searching C:\MultiMC\libraries\org\apache\commons\commons-lang3\3.3.2\commons-lang3-3.3.2.jar...
[03:18:37] [Client thread/INFO]: Searching C:\MultiMC\libraries\commons-io\commons-io\2.4\commons-io-2.4.jar...
[03:18:37] [Client thread/INFO]: Searching C:\MultiMC\libraries\commons-codec\commons-codec\1.9\commons-codec-1.9.jar...
[03:18:37] [Client thread/INFO]: Searching C:\MultiMC\libraries\com\google\code\gson\gson\2.2.4\gson-2.2.4.jar...
[03:18:37] [Client thread/INFO]: Searching C:\MultiMC\libraries\com\mojang\authlib\1.5.21\authlib-1.5.21.jar...
[03:18:37] [Client thread/INFO]: Searching C:\MultiMC\libraries\org\apache\logging\log4j\log4j-api\2.0-beta9\log4j-api-2.0-beta9.jar...
[03:18:37] [Client thread/INFO]: Searching C:\MultiMC\libraries\org\apache\logging\log4j\log4j-core\2.0-beta9\log4j-core-2.0-beta9.jar...
[03:18:37] [Client thread/INFO]: Searching C:\MultiMC\libraries\tv\twitch\twitch\5.16\twitch-5.16.jar...
[03:18:38] [Client thread/INFO]: Searching C:\MultiMC\libraries\net\minecraftforge\forge\1.7.10-10.13.4.1614-1.7.10\forge-1.7.10-10.13.4.1614-1.7.10-universal.jar...
[03:18:38] [Client thread/INFO]: Searching C:\MultiMC\libraries\net\minecraft\launchwrapper\1.12\launchwrapper-1.12.jar...
[03:18:38] [Client thread/INFO]: Searching C:\MultiMC\libraries\org\ow2\asm\asm-all\5.0.3\asm-all-5.0.3.jar...
[03:18:38] [Client thread/INFO]: Searching C:\MultiMC\libraries\com\typesafe\akka\akka-actor_2.11\2.3.3\akka-actor_2.11-2.3.3.jar...
[03:18:38] [Client thread/INFO]: Searching C:\MultiMC\libraries\com\typesafe\config\1.2.1\config-1.2.1.jar...
[03:18:38] [Client thread/INFO]: Searching C:\MultiMC\libraries\org\scala-lang\scala-actors-migration_2.11\1.1.0\scala-actors-migration_2.11-1.1.0.jar...
[03:18:38] [Client thread/INFO]: Searching C:\MultiMC\libraries\org\scala-lang\scala-compiler\2.11.1\scala-compiler-2.11.1.jar...
[03:18:38] [Client thread/INFO]: Searching C:\MultiMC\libraries\org\scala-lang\plugins\scala-continuations-library_2.11\1.0.2\scala-continuations-library_2.11-1.0.2.jar...
[03:18:38] [Client thread/INFO]: Searching C:\MultiMC\libraries\org\scala-lang\plugins\scala-continuations-plugin_2.11.1\1.0.2\scala-continuations-plugin_2.11.1-1.0.2.jar...
[03:18:38] [Client thread/INFO]: Searching C:\MultiMC\libraries\org\scala-lang\scala-library\2.11.1\scala-library-2.11.1.jar...
[03:18:38] [Client thread/INFO]: Searching C:\MultiMC\libraries\org\scala-lang\scala-parser-combinators_2.11\1.0.1\scala-parser-combinators_2.11-1.0.1.jar...
[03:18:38] [Client thread/INFO]: Searching C:\MultiMC\libraries\org\scala-lang\scala-reflect\2.11.1\scala-reflect-2.11.1.jar...
[03:18:38] [Client thread/INFO]: Searching C:\MultiMC\libraries\org\scala-lang\scala-swing_2.11\1.0.1\scala-swing_2.11-1.0.1.jar...
[03:18:38] [Client thread/INFO]: Searching C:\MultiMC\libraries\org\scala-lang\scala-xml_2.11\1.0.2\scala-xml_2.11-1.0.2.jar...
[03:18:38] [Client thread/INFO]: Searching C:\MultiMC\libraries\lzma\lzma\0.0.1\lzma-0.0.1.jar...
[03:18:38] [Client thread/INFO]: Searching C:\MultiMC\libraries\com\mumfrey\liteloader\1.7.10_04\liteloader-1.7.10_04.jar...
[03:18:38] [Client thread/INFO]: Searching C:\MultiMC\libraries\com\mojang\minecraft\1.7.10\minecraft-1.7.10-client.jar...
[03:18:38] [Client thread/INFO]: Discovering mods in valid mod files...
[03:18:38] [Client thread/INFO]: Searching C:\MultiMC\instances\WA-Mod-Pack\.minecraft\mods\mod_voxelMap_1.7.0b_for_1.7.10.litemod...
[03:18:38] [Client thread/INFO]: Found 1 potential matches
[03:18:38] [Client thread/INFO]: Searching C:\MultiMC\instances\WA-Mod-Pack\.minecraft\mods\MouseTweaks-2.4.4-mc1.7.10.jar...
[03:18:38] [Client thread/INFO]: Found 1 potential matches
[03:18:38] [Client thread/INFO]: Discovering mods in valid mod files...
[03:18:38] [Client thread/INFO]: Mod class discovery completed
[03:18:38] [Client thread/INFO]: LiteLoader begin POSTINIT...
[03:18:38] [Client thread/INFO]: Inhibiting sound handler reload
[03:18:38] [Client thread/INFO]: Registering interface provider com.mumfrey.liteloader.client.ClientEvents for API LiteLoader core API
[03:18:38] [Client thread/INFO]: Injecting onc01packetchatmessage[x1] in func_148833_a in C01PacketChatMessage
[03:18:38] [Client thread/INFO]: Registering interface provider com.mumfrey.liteloader.client.PacketEventsClient for API LiteLoader core API
[03:18:38] [Client thread/INFO]: Injecting ons02packetchat[x1] in func_148833_a in S02PacketChat
[03:18:38] [Client thread/INFO]: Injecting ons01packetjoingame[x1] in func_148833_a in S01PacketJoinGame
[03:18:38] [Client thread/INFO]: Injecting ons02packetloginsuccess[x1] in func_148833_a in S02PacketLoginSuccess
[03:18:38] [Client thread/INFO]: Registering interface provider com.mumfrey.liteloader.client.ClientPluginChannelsClient for API LiteLoader core API
[03:18:38] [Client thread/INFO]: Registering interface provider com.mumfrey.liteloader.core.ServerPluginChannels for API LiteLoader core API
[03:18:38] [Client thread/INFO]: Registering interface provider com.mumfrey.liteloader.messaging.MessageBus for API LiteLoader core API
[03:18:38] [Client thread/INFO]: Discovered 2 total mod(s), injected 0 tweak(s)
[03:18:38] [Client thread/INFO]: Loading mod from com.thevoxelbox.voxelmap.litemod.LiteModVoxelMap
[03:18:38] [Client thread/INFO]: Baking listener list for ModLoadObserver with 0 listeners
[03:18:38] [Client thread/INFO]: Successfully added mod VoxelMap version 1.7.0
[03:18:38] [Client thread/INFO]: Adding "C:\MultiMC\instances\WA-Mod-Pack\.minecraft\mods\mod_voxelMap_1.7.0b_for_1.7.10.litemod" to active resource pack set
[03:18:38] [Client thread/INFO]: Setting up "mod_voxelMap_1.7.0b_for_1.7.10.litemod" as mod resource pack with identifier "VoxelMap"
[03:18:38] [Client thread/INFO]: Successfully added "C:\MultiMC\instances\WA-Mod-Pack\.minecraft\mods\mod_voxelMap_1.7.0b_for_1.7.10.litemod" to active resource pack set
[03:18:38] [Client thread/INFO]: Loading mod from yalter.mousetweaks.loaders.LiteModMouseTweaks
[03:18:38] [Client thread/INFO]: Successfully added mod Mouse Tweaks version 2.4.4
[03:18:38] [Client thread/INFO]: Adding "C:\MultiMC\instances\WA-Mod-Pack\.minecraft\mods\MouseTweaks-2.4.4-mc1.7.10.jar" to active resource pack set
[03:18:38] [Client thread/INFO]: Setting up "MouseTweaks-2.4.4-mc1.7.10.jar" as mod resource pack with identifier "Mouse Tweaks"
[03:18:38] [Client thread/INFO]: Successfully added "C:\MultiMC\instances\WA-Mod-Pack\.minecraft\mods\MouseTweaks-2.4.4-mc1.7.10.jar" to active resource pack set
[03:18:38] [Client thread/INFO]: Initialising mod VoxelMap version 1.7.0
[03:18:38] [Client thread/INFO]: Initialising mod Mouse Tweaks version 2.4.4
[03:18:38] [Client thread/INFO]: Baking listener list for InterfaceObserver with 0 listeners
[03:18:44] [Client thread/INFO]: Injecting ons00packetkeepalive[x1] in func_148833_a in S00PacketKeepAlive
[03:18:44] [Client thread/INFO]: Injecting ons05packetspawnposition[x1] in func_148833_a in S05PacketSpawnPosition
[03:18:44] [Client thread/INFO]: Injecting ons06packetupdatehealth[x1] in func_148833_a in S06PacketUpdateHealth
[03:18:44] [Client thread/INFO]: Injecting ons08packetplayerposlook[x1] in func_148833_a in S08PacketPlayerPosLook
[03:18:44] [Client thread/INFO]: Injecting ons09packethelditemchange[x1] in func_148833_a in S09PacketHeldItemChange
[03:18:44] [Client thread/INFO]: Injecting ons0cpacketspawnplayer[x1] in func_148833_a in S0CPacketSpawnPlayer
[03:18:44] [Client thread/INFO]: Injecting ons0epacketspawnobject[x1] in func_148833_a in S0EPacketSpawnObject
[03:18:44] [Client thread/INFO]: Injecting ons0fpacketspawnmob[x1] in func_148833_a in S0FPacketSpawnMob
[03:18:44] [Client thread/INFO]: Injecting ons10packetspawnpainting[x1] in func_148833_a in S10PacketSpawnPainting
[03:18:44] [Client thread/INFO]: Injecting ons11packetspawnexperienceorb[x1] in func_148833_a in S11PacketSpawnExperienceOrb
[03:18:44] [Client thread/INFO]: Injecting ons13packetdestroyentities[x1] in func_148833_a in S13PacketDestroyEntities
[03:18:44] [Client thread/INFO]: Injecting ons14packetentity[x1] in func_148833_a in S14PacketEntity
[03:18:44] [Client thread/INFO]: Injecting ons15packetentityrelmove[x1] in func_148833_a in S14PacketEntity$S15PacketEntityRelMove
[03:18:44] [Client thread/INFO]: Injecting ons16packetentitylook[x1] in func_148833_a in S14PacketEntity$S16PacketEntityLook
[03:18:44] [Client thread/INFO]: Injecting ons17packetentitylookmove[x1] in func_148833_a in S14PacketEntity$S17PacketEntityLookMove
[03:18:44] [Client thread/INFO]: Injecting ons18packetentityteleport[x1] in func_148833_a in S18PacketEntityTeleport
[03:18:44] [Client thread/INFO]: Injecting ons19packetentityheadlook[x1] in func_148833_a in S19PacketEntityHeadLook
[03:18:44] [Client thread/INFO]: Injecting ons1cpacketentitymetadata[x1] in func_148833_a in S1CPacketEntityMetadata
[03:18:44] [Client thread/INFO]: Injecting ons1epacketremoveentityeffect[x1] in func_148833_a in S1EPacketRemoveEntityEffect
[03:18:44] [Client thread/INFO]: Injecting ons20packetentityproperties[x1] in func_148833_a in S20PacketEntityProperties
[03:18:44] [Client thread/INFO]: Injecting ons22packetmultiblockchange[x1] in func_148833_a in S22PacketMultiBlockChange
[03:18:44] [Client thread/INFO]: Injecting ons25packetblockbreakanim[x1] in func_148833_a in S25PacketBlockBreakAnim
[03:18:44] [Client thread/INFO]: Injecting ons26packetmapchunkbulk[x1] in func_148833_a in S26PacketMapChunkBulk
[03:18:44] [Client thread/INFO]: Injecting ons28packeteffect[x1] in func_148833_a in S28PacketEffect
[03:18:44] [Client thread/INFO]: Injecting ons29packetsoundeffect[x1] in func_148833_a in S29PacketSoundEffect
[03:18:44] [Client thread/INFO]: Injecting ons2dpacketopenwindow[x1] in func_148833_a in S2DPacketOpenWindow
[03:18:44] [Client thread/INFO]: Injecting ons2epacketclosewindow[x1] in func_148833_a in S2EPacketCloseWindow
[03:18:44] [Client thread/INFO]: Injecting ons2fpacketsetslot[x1] in func_148833_a in S2FPacketSetSlot
[03:18:44] [Client thread/INFO]: Injecting ons30packetwindowitems[x1] in func_148833_a in S30PacketWindowItems
[03:18:44] [Client thread/INFO]: Injecting ons31packetwindowproperty[x1] in func_148833_a in S31PacketWindowProperty
[03:18:44] [Client thread/INFO]: Injecting ons32packetconfirmtransaction[x1] in func_148833_a in S32PacketConfirmTransaction
[03:18:44] [Client thread/INFO]: Injecting ons33packetupdatesign[x1] in func_148833_a in S33PacketUpdateSign
[03:18:44] [Client thread/INFO]: Injecting ons36packetsigneditoropen[x1] in func_148833_a in S36PacketSignEditorOpen
[03:18:44] [Client thread/INFO]: Injecting ons37packetstatistics[x1] in func_148833_a in S37PacketStatistics
[03:18:44] [Client thread/INFO]: Injecting ons38packetplayerlistitem[x1] in func_148833_a in S38PacketPlayerListItem
[03:18:44] [Client thread/INFO]: Injecting ons39packetplayerabilities[x1] in func_148833_a in S39PacketPlayerAbilities
[03:18:44] [Client thread/INFO]: Injecting ons3apackettabcomplete[x1] in func_148833_a in S3APacketTabComplete
[03:18:44] [Client thread/INFO]: Injecting ons3bpacketscoreboardobjective[x1] in func_148833_a in S3BPacketScoreboardObjective
[03:18:44] [Client thread/INFO]: Injecting ons3cpacketupdatescore[x1] in func_148833_a in S3CPacketUpdateScore
[03:18:44] [Client thread/INFO]: Injecting ons3dpacketdisplayscoreboard[x1] in func_148833_a in S3DPacketDisplayScoreboard
[03:18:44] [Client thread/INFO]: Injecting ons3epacketteams[x1] in func_148833_a in S3EPacketTeams
[03:18:44] [Client thread/INFO]: Injecting ons40packetdisconnect[x1] in func_148833_a in S40PacketDisconnect
[03:18:44] [Client thread/INFO]: Injecting onc00packetkeepalive[x1] in func_148833_a in C00PacketKeepAlive
[03:18:44] [Client thread/INFO]: Injecting onc03packetplayer[x1] in func_148833_a in C03PacketPlayer
[03:18:44] [Client thread/INFO]: Injecting onc04packetplayerposition[x1] in func_148833_a in C03PacketPlayer$C04PacketPlayerPosition
[03:18:44] [Client thread/INFO]: Injecting onc05packetplayerlook[x1] in func_148833_a in C03PacketPlayer$C05PacketPlayerLook
[03:18:44] [Client thread/INFO]: Injecting onc06packetplayerposlook[x1] in func_148833_a in C03PacketPlayer$C06PacketPlayerPosLook
[03:18:44] [Client thread/INFO]: Injecting onc0apacketanimation[x1] in func_148833_a in C0APacketAnimation
[03:18:44] [Client thread/INFO]: Injecting onc0bpacketentityaction[x1] in func_148833_a in C0BPacketEntityAction
[03:18:44] [Client thread/INFO]: Injecting onc0cpacketinput[x1] in func_148833_a in C0CPacketInput
[03:18:44] [Client thread/INFO]: Injecting onc0fpacketconfirmtransaction[x1] in func_148833_a in C0FPacketConfirmTransaction
[03:18:44] [Client thread/INFO]: Injecting onc12packetupdatesign[x1] in func_148833_a in C12PacketUpdateSign
[03:18:44] [Client thread/INFO]: Injecting onc13packetplayerabilities[x1] in func_148833_a in C13PacketPlayerAbilities
[03:18:44] [Client thread/INFO]: Injecting onc14packettabcomplete[x1] in func_148833_a in C14PacketTabComplete
[03:18:44] [Client thread/INFO]: Injecting ons00packetserverinfo[x1] in func_148833_a in S00PacketServerInfo
[03:18:44] [Client thread/INFO]: Injecting ons01packetpong[x1] in func_148833_a in S01PacketPong
[03:18:44] [Client thread/INFO]: Injecting ons00packetdisconnect[x1] in func_148833_a in S00PacketDisconnect
[03:18:44] [Client thread/INFO]: Injecting ons01packetencryptionrequest[x1] in func_148833_a in S01PacketEncryptionRequest
[03:18:44] [Client thread/INFO]: Injecting onc01packetencryptionresponse[x1] in func_148833_a in C01PacketEncryptionResponse
[03:19:52] [Client thread/INFO]: Generating new Event Handler Proxy Class com.mumfrey.liteloader.core.event.EventProxy
[03:19:52] [Client thread/INFO]: Successfully generated event handler proxy class with 123 handlers(s) and 123 total invokations
[03:20:12] [Client thread/INFO]: Calling late init for mod VoxelMap
[03:20:13] [Client thread/INFO]: Baking listener list for ViewportListener with 0 listeners
[03:20:13] [Client thread/INFO]: Sound handler reload inhibit removed
[03:20:13] [Client thread/INFO]: Reloading sound handler
[03:20:14] [Client thread/INFO]: Baking listener list for GameLoopListener with 0 listeners
[03:20:14] [Client thread/INFO]: Baking listener list for RenderListener with 1 listeners
[03:20:15] [Client thread/INFO]: Baking listener list for TickObserver with 3 listeners
[03:20:15] [Client thread/INFO]: Baking listener list for PostRenderObserver with 3 listeners
[03:20:15] [Client thread/INFO]: Baking listener list for Tickable with 1 listeners
[03:20:15] [Client thread/INFO]: Baking listener list for WorldObserver with 2 listeners
[03:20:15] [Client thread/INFO]: Baking listener list for FrameBufferListener with 0 listeners
[03:26:10] [Netty Client IO #1/INFO]: Baking listener list for PostLoginListener with 0 listeners
[03:26:12] [Client thread/INFO]: Baking listener list for PreJoinGameListener with 0 listeners
[03:26:14] [Client thread/INFO]: Baking listener list for JoinGameListener with 1 listeners
[03:26:14] [Client thread/INFO]: Baking listener list for ChatListener with 0 listeners
[03:26:27] [Client thread/INFO]: Baking listener list for PostRenderListener with 1 listeners
[03:26:27] [Client thread/INFO]: Baking listener list for HUDRenderListener with 1 listeners
[03:26:45] [Thread-294/INFO]: Baking listener list for OutboundChatFilter with 1 listeners
[03:28:51] [Client thread/INFO]: LiteLoader is shutting down, shutting down core providers and syncing configuration
[03:28:51] [Client thread/INFO]: Baking listener list for ShutdownObserver with 2 listeners
